<?xml version="1.0" encoding="UTF-8"?>
<!-- Generated by org.testng.reporters.JUnitReportReporter -->
<testsuite hostname="rohanMK" failures="0" tests="1" name="testNG.Day1" time="3.632" errors="0" timestamp="2024-03-03T18:56:51 IST" skipped="0">
  <testcase classname="testNG.Day1" name="test1" time="3.632"/>
</testsuite> <!-- testNG.Day1 -->
